{"/home/driven/Documentos/Ju/Driven/projetos_EMaula_BACK/ultima-locadora/src/app.ts": {"path":"/home/driven/Documentos/Ju/Driven/projetos_EMaula_BACK/ultima-locadora/src/app.ts","statementMap":{"0":{"start":{"line":1,"column":0},"end":{"line":1,"column":59}},"1":{"start":{"line":2,"column":0},"end":{"line":2,"column":30}},"2":{"start":{"line":3,"column":0},"end":{"line":3,"column":28}},"3":{"start":{"line":5,"column":0},"end":{"line":5,"column":53}},"4":{"start":{"line":6,"column":0},"end":{"line":6,"column":70}},"5":{"start":{"line":8,"column":0},"end":{"line":8,"column":16}},"6":{"start":{"line":10,"column":12},"end":{"line":10,"column":21}},"7":{"start":{"line":11,"column":0},"end":{"line":11,"column":16}},"8":{"start":{"line":13,"column":0},"end":{"line":13,"column":69}},"9":{"start":{"line":13,"column":52},"end":{"line":13,"column":67}},"10":{"start":{"line":14,"column":0},"end":{"line":14,"column":23}},"11":{"start":{"line":15,"column":0},"end":{"line":15,"column":33}},"12":{"start":{"line":17,"column":0},"end":{"line":17,"column":19}}},"fnMap":{"0":{"name":"(anonymous_7)","decl":{"start":{"line":13,"column":19},"end":{"line":13,"column":20}},"loc":{"start":{"line":13,"column":52},"end":{"line":13,"column":67}}}},"branchMap":{},"s":{"0":1,"1":1,"2":1,"3":1,"4":1,"5":1,"6":1,"7":1,"8":1,"9":1,"10":1,"11":1,"12":1},"f":{"0":1},"b":{}}
,"/home/driven/Documentos/Ju/Driven/projetos_EMaula_BACK/ultima-locadora/src/controllers/rentals-controller.ts": {"path":"/home/driven/Documentos/Ju/Driven/projetos_EMaula_BACK/ultima-locadora/src/controllers/rentals-controller.ts","statementMap":{"0":{"start":{"line":2,"column":0},"end":{"line":2,"column":37}},"1":{"start":{"line":4,"column":0},"end":{"line":4,"column":57}},"2":{"start":{"line":5,"column":0},"end":{"line":5,"column":48}},"3":{"start":{"line":9,"column":18},"end":{"line":9,"column":51}},"4":{"start":{"line":10,"column":2},"end":{"line":10,"column":20}},"5":{"start":{"line":8,"column":0},"end":{"line":8,"column":22}},"6":{"start":{"line":14,"column":13},"end":{"line":14,"column":36}},"7":{"start":{"line":15,"column":2},"end":{"line":15,"column":66}},"8":{"start":{"line":15,"column":20},"end":{"line":15,"column":66}},"9":{"start":{"line":17,"column":2},"end":{"line":23,"column":null}},"10":{"start":{"line":18,"column":19},"end":{"line":18,"column":57}},"11":{"start":{"line":19,"column":4},"end":{"line":19,"column":21}},"12":{"start":{"line":21,"column":4},"end":{"line":21,"column":23}},"13":{"start":{"line":22,"column":4},"end":{"line":22,"column":48}},"14":{"start":{"line":13,"column":0},"end":{"line":13,"column":22}},"15":{"start":{"line":27,"column":22},"end":{"line":27,"column":45}},"16":{"start":{"line":28,"column":2},"end":{"line":43,"column":null}},"17":{"start":{"line":29,"column":4},"end":{"line":29,"column":51}},"18":{"start":{"line":30,"column":4},"end":{"line":30,"column":39}},"19":{"start":{"line":32,"column":4},"end":{"line":34,"column":null}},"20":{"start":{"line":33,"column":6},"end":{"line":33,"column":69}},"21":{"start":{"line":35,"column":4},"end":{"line":37,"column":null}},"22":{"start":{"line":36,"column":6},"end":{"line":36,"column":65}},"23":{"start":{"line":38,"column":4},"end":{"line":40,"column":null}},"24":{"start":{"line":39,"column":6},"end":{"line":39,"column":73}},"25":{"start":{"line":42,"column":4},"end":{"line":42,"column":16}},"26":{"start":{"line":26,"column":0},"end":{"line":26,"column":22}},"27":{"start":{"line":47,"column":23},"end":{"line":47,"column":52}},"28":{"start":{"line":48,"column":2},"end":{"line":53,"column":null}},"29":{"start":{"line":49,"column":4},"end":{"line":49,"column":48}},"30":{"start":{"line":50,"column":4},"end":{"line":50,"column":34}},"31":{"start":{"line":52,"column":4},"end":{"line":52,"column":16}},"32":{"start":{"line":46,"column":0},"end":{"line":46,"column":22}}},"fnMap":{"0":{"name":"getRentals","decl":{"start":{"line":8,"column":22},"end":{"line":8,"column":32}},"loc":{"start":{"line":8,"column":60},"end":{"line":11,"column":null}}},"1":{"name":"getRentalById","decl":{"start":{"line":13,"column":22},"end":{"line":13,"column":35}},"loc":{"start":{"line":13,"column":63},"end":{"line":24,"column":null}}},"2":{"name":"createRental","decl":{"start":{"line":26,"column":22},"end":{"line":26,"column":34}},"loc":{"start":{"line":26,"column":82},"end":{"line":44,"column":null}}},"3":{"name":"finishRental","decl":{"start":{"line":46,"column":22},"end":{"line":46,"column":34}},"loc":{"start":{"line":46,"column":82},"end":{"line":54,"column":null}}}},"branchMap":{"0":{"loc":{"start":{"line":15,"column":2},"end":{"line":15,"column":66}},"type":"if","locations":[{"start":{"line":15,"column":2},"end":{"line":15,"column":66}}]},"1":{"loc":{"start":{"line":32,"column":4},"end":{"line":34,"column":null}},"type":"if","locations":[{"start":{"line":32,"column":4},"end":{"line":34,"column":null}}]},"2":{"loc":{"start":{"line":35,"column":4},"end":{"line":37,"column":null}},"type":"if","locations":[{"start":{"line":35,"column":4},"end":{"line":37,"column":null}}]},"3":{"loc":{"start":{"line":38,"column":4},"end":{"line":40,"column":null}},"type":"if","locations":[{"start":{"line":38,"column":4},"end":{"line":40,"column":null}}]}},"s":{"0":1,"1":1,"2":1,"3":0,"4":0,"5":1,"6":0,"7":0,"8":0,"9":0,"10":0,"11":0,"12":0,"13":0,"14":1,"15":0,"16":0,"17":0,"18":0,"19":0,"20":0,"21":0,"22":0,"23":0,"24":0,"25":0,"26":1,"27":0,"28":0,"29":0,"30":0,"31":0,"32":1},"f":{"0":0,"1":0,"2":0,"3":0},"b":{"0":[0],"1":[0],"2":[0],"3":[0]}}
,"/home/driven/Documentos/Ju/Driven/projetos_EMaula_BACK/ultima-locadora/src/database/index.ts": {"path":"/home/driven/Documentos/Ju/Driven/projetos_EMaula_BACK/ultima-locadora/src/database/index.ts","statementMap":{"0":{"start":{"line":1,"column":0},"end":{"line":1,"column":45}},"1":{"start":{"line":2,"column":15},"end":{"line":2,"column":33}},"2":{"start":{"line":4,"column":0},"end":{"line":4,"column":22}}},"fnMap":{},"branchMap":{},"s":{"0":2,"1":2,"2":2},"f":{},"b":{}}
,"/home/driven/Documentos/Ju/Driven/projetos_EMaula_BACK/ultima-locadora/src/errors/insufficientage-error.ts": {"path":"/home/driven/Documentos/Ju/Driven/projetos_EMaula_BACK/ultima-locadora/src/errors/insufficientage-error.ts","statementMap":{"0":{"start":{"line":4,"column":19},"end":{"line":4,"column":48}},"1":{"start":{"line":5,"column":2},"end":{"line":8,"column":null}},"2":{"start":{"line":3,"column":0},"end":{"line":3,"column":16}}},"fnMap":{"0":{"name":"insufficientAgeError","decl":{"start":{"line":3,"column":16},"end":{"line":3,"column":36}},"loc":{"start":{"line":3,"column":53},"end":{"line":9,"column":1}}}},"branchMap":{"0":{"loc":{"start":{"line":4,"column":19},"end":{"line":4,"column":48}},"type":"binary-expr","locations":[{"start":{"line":4,"column":19},"end":{"line":4,"column":26}},{"start":{"line":4,"column":30},"end":{"line":4,"column":48}}]}},"s":{"0":1,"1":1,"2":2},"f":{"0":1},"b":{"0":[1,0]}}
,"/home/driven/Documentos/Ju/Driven/projetos_EMaula_BACK/ultima-locadora/src/errors/movie-inretal-error.ts": {"path":"/home/driven/Documentos/Ju/Driven/projetos_EMaula_BACK/ultima-locadora/src/errors/movie-inretal-error.ts","statementMap":{"0":{"start":{"line":4,"column":19},"end":{"line":4,"column":52}},"1":{"start":{"line":5,"column":2},"end":{"line":8,"column":null}},"2":{"start":{"line":3,"column":0},"end":{"line":3,"column":16}}},"fnMap":{"0":{"name":"movieAlreadyInRental","decl":{"start":{"line":3,"column":16},"end":{"line":3,"column":36}},"loc":{"start":{"line":3,"column":53},"end":{"line":9,"column":1}}}},"branchMap":{"0":{"loc":{"start":{"line":4,"column":19},"end":{"line":4,"column":52}},"type":"binary-expr","locations":[{"start":{"line":4,"column":19},"end":{"line":4,"column":26}},{"start":{"line":4,"column":30},"end":{"line":4,"column":52}}]}},"s":{"0":1,"1":1,"2":2},"f":{"0":1},"b":{"0":[1,0]}}
,"/home/driven/Documentos/Ju/Driven/projetos_EMaula_BACK/ultima-locadora/src/errors/notfound-error.ts": {"path":"/home/driven/Documentos/Ju/Driven/projetos_EMaula_BACK/ultima-locadora/src/errors/notfound-error.ts","statementMap":{"0":{"start":{"line":4,"column":19},"end":{"line":4,"column":41}},"1":{"start":{"line":5,"column":2},"end":{"line":8,"column":null}},"2":{"start":{"line":3,"column":0},"end":{"line":3,"column":16}}},"fnMap":{"0":{"name":"notFoundError","decl":{"start":{"line":3,"column":16},"end":{"line":3,"column":29}},"loc":{"start":{"line":3,"column":46},"end":{"line":9,"column":1}}}},"branchMap":{"0":{"loc":{"start":{"line":4,"column":19},"end":{"line":4,"column":41}},"type":"binary-expr","locations":[{"start":{"line":4,"column":19},"end":{"line":4,"column":26}},{"start":{"line":4,"column":30},"end":{"line":4,"column":41}}]}},"s":{"0":4,"1":4,"2":2},"f":{"0":4},"b":{"0":[4,0]}}
,"/home/driven/Documentos/Ju/Driven/projetos_EMaula_BACK/ultima-locadora/src/errors/pendent-rental-error.ts": {"path":"/home/driven/Documentos/Ju/Driven/projetos_EMaula_BACK/ultima-locadora/src/errors/pendent-rental-error.ts","statementMap":{"0":{"start":{"line":4,"column":19},"end":{"line":4,"column":55}},"1":{"start":{"line":5,"column":2},"end":{"line":8,"column":null}},"2":{"start":{"line":3,"column":0},"end":{"line":3,"column":16}}},"fnMap":{"0":{"name":"pendentRentalError","decl":{"start":{"line":3,"column":16},"end":{"line":3,"column":34}},"loc":{"start":{"line":3,"column":51},"end":{"line":9,"column":1}}}},"branchMap":{"0":{"loc":{"start":{"line":4,"column":19},"end":{"line":4,"column":55}},"type":"binary-expr","locations":[{"start":{"line":4,"column":19},"end":{"line":4,"column":26}},{"start":{"line":4,"column":30},"end":{"line":4,"column":55}}]}},"s":{"0":1,"1":1,"2":2},"f":{"0":1},"b":{"0":[1,0]}}
,"/home/driven/Documentos/Ju/Driven/projetos_EMaula_BACK/ultima-locadora/src/middlewares/error-handler.ts": {"path":"/home/driven/Documentos/Ju/Driven/projetos_EMaula_BACK/ultima-locadora/src/middlewares/error-handler.ts","statementMap":{"0":{"start":{"line":2,"column":0},"end":{"line":2,"column":37}},"1":{"start":{"line":10,"column":2},"end":{"line":10,"column":19}},"2":{"start":{"line":12,"column":2},"end":{"line":16,"column":null}},"3":{"start":{"line":13,"column":4},"end":{"line":15,"column":7}},"4":{"start":{"line":18,"column":2},"end":{"line":22,"column":null}},"5":{"start":{"line":19,"column":4},"end":{"line":21,"column":7}},"6":{"start":{"line":24,"column":2},"end":{"line":28,"column":null}},"7":{"start":{"line":25,"column":4},"end":{"line":27,"column":7}},"8":{"start":{"line":31,"column":2},"end":{"line":31,"column":24}},"9":{"start":{"line":32,"column":2},"end":{"line":35,"column":5}},"10":{"start":{"line":9,"column":0},"end":{"line":9,"column":16}}},"fnMap":{"0":{"name":"handleApplicationErrors","decl":{"start":{"line":9,"column":16},"end":{"line":9,"column":39}},"loc":{"start":{"line":9,"column":119},"end":{"line":36,"column":1}}}},"branchMap":{"0":{"loc":{"start":{"line":12,"column":2},"end":{"line":16,"column":null}},"type":"if","locations":[{"start":{"line":12,"column":2},"end":{"line":16,"column":null}}]},"1":{"loc":{"start":{"line":18,"column":2},"end":{"line":22,"column":null}},"type":"if","locations":[{"start":{"line":18,"column":2},"end":{"line":22,"column":null}}]},"2":{"loc":{"start":{"line":24,"column":2},"end":{"line":28,"column":null}},"type":"if","locations":[{"start":{"line":24,"column":2},"end":{"line":28,"column":null}}]}},"s":{"0":1,"1":0,"2":0,"3":0,"4":0,"5":0,"6":0,"7":0,"8":0,"9":0,"10":1},"f":{"0":0},"b":{"0":[0],"1":[0],"2":[0]}}
,"/home/driven/Documentos/Ju/Driven/projetos_EMaula_BACK/ultima-locadora/src/middlewares/schema-validator.ts": {"path":"/home/driven/Documentos/Ju/Driven/projetos_EMaula_BACK/ultima-locadora/src/middlewares/schema-validator.ts","statementMap":{"0":{"start":{"line":2,"column":0},"end":{"line":2,"column":37}},"1":{"start":{"line":6,"column":2},"end":{"line":13,"column":4}},"2":{"start":{"line":7,"column":23},"end":{"line":7,"column":48}},"3":{"start":{"line":8,"column":4},"end":{"line":10,"column":null}},"4":{"start":{"line":9,"column":6},"end":{"line":9,"column":99}},"5":{"start":{"line":12,"column":4},"end":{"line":12,"column":11}},"6":{"start":{"line":5,"column":0},"end":{"line":5,"column":16}}},"fnMap":{"0":{"name":"validateSchemaMiddleware","decl":{"start":{"line":5,"column":16},"end":{"line":5,"column":40}},"loc":{"start":{"line":5,"column":61},"end":{"line":14,"column":1}}},"1":{"name":"(anonymous_2)","decl":{"start":{"line":6,"column":9},"end":{"line":6,"column":10}},"loc":{"start":{"line":6,"column":61},"end":{"line":13,"column":3}}}},"branchMap":{"0":{"loc":{"start":{"line":8,"column":4},"end":{"line":10,"column":null}},"type":"if","locations":[{"start":{"line":8,"column":4},"end":{"line":10,"column":null}}]}},"s":{"0":1,"1":2,"2":0,"3":0,"4":0,"5":0,"6":1},"f":{"0":2,"1":0},"b":{"0":[0]}}
,"/home/driven/Documentos/Ju/Driven/projetos_EMaula_BACK/ultima-locadora/src/repositories/movies-repository.ts": {"path":"/home/driven/Documentos/Ju/Driven/projetos_EMaula_BACK/ultima-locadora/src/repositories/movies-repository.ts","statementMap":{"0":{"start":{"line":1,"column":0},"end":{"line":1,"column":32}},"1":{"start":{"line":4,"column":2},"end":{"line":6,"column":null}},"2":{"start":{"line":9,"column":0},"end":{"line":11,"column":null}}},"fnMap":{"0":{"name":"getById","decl":{"start":{"line":3,"column":15},"end":{"line":3,"column":22}},"loc":{"start":{"line":3,"column":33},"end":{"line":7,"column":null}}}},"branchMap":{},"s":{"0":2,"1":0,"2":2},"f":{"0":0},"b":{}}
,"/home/driven/Documentos/Ju/Driven/projetos_EMaula_BACK/ultima-locadora/src/repositories/rentals-repository.ts": {"path":"/home/driven/Documentos/Ju/Driven/projetos_EMaula_BACK/ultima-locadora/src/repositories/rentals-repository.ts","statementMap":{"0":{"start":{"line":1,"column":0},"end":{"line":1,"column":33}},"1":{"start":{"line":3,"column":0},"end":{"line":3,"column":65}},"2":{"start":{"line":6,"column":2},"end":{"line":6,"column":34}},"3":{"start":{"line":10,"column":2},"end":{"line":15,"column":null}},"4":{"start":{"line":19,"column":2},"end":{"line":24,"column":null}},"5":{"start":{"line":30,"column":17},"end":{"line":35,"column":4}},"6":{"start":{"line":37,"column":23},"end":{"line":37,"column":34}},"7":{"start":{"line":38,"column":2},"end":{"line":38,"column":58}},"8":{"start":{"line":44,"column":2},"end":{"line":44,"column":39}},"9":{"start":{"line":45,"column":2},"end":{"line":50,"column":5}},"10":{"start":{"line":54,"column":2},"end":{"line":60,"column":null}},"11":{"start":{"line":54,"column":15},"end":{"line":54,"column":16}},"12":{"start":{"line":55,"column":15},"end":{"line":55,"column":26}},"13":{"start":{"line":56,"column":4},"end":{"line":59,"column":null}},"14":{"start":{"line":64,"column":17},"end":{"line":64,"column":52}},"15":{"start":{"line":65,"column":17},"end":{"line":65,"column":30}},"16":{"start":{"line":66,"column":2},"end":{"line":72,"column":null}},"17":{"start":{"line":66,"column":15},"end":{"line":66,"column":16}},"18":{"start":{"line":67,"column":15},"end":{"line":67,"column":27}},"19":{"start":{"line":68,"column":4},"end":{"line":71,"column":null}},"20":{"start":{"line":75,"column":0},"end":{"line":81,"column":2}}},"fnMap":{"0":{"name":"getRentals","decl":{"start":{"line":5,"column":9},"end":{"line":5,"column":19}},"loc":{"start":{"line":5,"column":19},"end":{"line":7,"column":1}}},"1":{"name":"getRentalById","decl":{"start":{"line":9,"column":9},"end":{"line":9,"column":22}},"loc":{"start":{"line":9,"column":56},"end":{"line":16,"column":1}}},"2":{"name":"getRentalsByUserId","decl":{"start":{"line":18,"column":9},"end":{"line":18,"column":27}},"loc":{"start":{"line":18,"column":57},"end":{"line":25,"column":1}}},"3":{"name":"createRental","decl":{"start":{"line":29,"column":15},"end":{"line":29,"column":27}},"loc":{"start":{"line":29,"column":52},"end":{"line":39,"column":null}}},"4":{"name":"finishRental","decl":{"start":{"line":43,"column":15},"end":{"line":43,"column":27}},"loc":{"start":{"line":43,"column":38},"end":{"line":51,"column":null}}},"5":{"name":"connectMoviesToRental","decl":{"start":{"line":53,"column":15},"end":{"line":53,"column":36}},"loc":{"start":{"line":53,"column":73},"end":{"line":61,"column":null}}},"6":{"name":"disconnectMoviesFromRental","decl":{"start":{"line":63,"column":15},"end":{"line":63,"column":41}},"loc":{"start":{"line":63,"column":58},"end":{"line":73,"column":null}}}},"branchMap":{"0":{"loc":{"start":{"line":9,"column":35},"end":{"line":9,"column":56}},"type":"default-arg","locations":[{"start":{"line":9,"column":51},"end":{"line":9,"column":56}}]},"1":{"loc":{"start":{"line":18,"column":44},"end":{"line":18,"column":57}},"type":"default-arg","locations":[{"start":{"line":18,"column":53},"end":{"line":18,"column":57}}]}},"s":{"0":2,"1":2,"2":0,"3":0,"4":0,"5":0,"6":0,"7":0,"8":0,"9":0,"10":0,"11":0,"12":0,"13":0,"14":0,"15":0,"16":0,"17":0,"18":0,"19":0,"20":2},"f":{"0":0,"1":0,"2":0,"3":0,"4":0,"5":0,"6":0},"b":{"0":[0],"1":[0]}}
,"/home/driven/Documentos/Ju/Driven/projetos_EMaula_BACK/ultima-locadora/src/repositories/users-repository.ts": {"path":"/home/driven/Documentos/Ju/Driven/projetos_EMaula_BACK/ultima-locadora/src/repositories/users-repository.ts","statementMap":{"0":{"start":{"line":1,"column":0},"end":{"line":1,"column":32}},"1":{"start":{"line":4,"column":2},"end":{"line":6,"column":null}},"2":{"start":{"line":10,"column":0},"end":{"line":12,"column":null}}},"fnMap":{"0":{"name":"getById","decl":{"start":{"line":3,"column":15},"end":{"line":3,"column":22}},"loc":{"start":{"line":3,"column":33},"end":{"line":7,"column":null}}}},"branchMap":{},"s":{"0":2,"1":0,"2":2},"f":{"0":0},"b":{}}
,"/home/driven/Documentos/Ju/Driven/projetos_EMaula_BACK/ultima-locadora/src/routers/rentals-router.ts": {"path":"/home/driven/Documentos/Ju/Driven/projetos_EMaula_BACK/ultima-locadora/src/routers/rentals-router.ts","statementMap":{"0":{"start":{"line":1,"column":0},"end":{"line":1,"column":33}},"1":{"start":{"line":3,"column":0},"end":{"line":3,"column":106}},"2":{"start":{"line":4,"column":0},"end":{"line":4,"column":75}},"3":{"start":{"line":5,"column":0},"end":{"line":5,"column":76}},"4":{"start":{"line":7,"column":22},"end":{"line":7,"column":30}},"5":{"start":{"line":9,"column":0},"end":{"line":9,"column":42}},"6":{"start":{"line":10,"column":0},"end":{"line":10,"column":49}},"7":{"start":{"line":11,"column":0},"end":{"line":11,"column":85}},"8":{"start":{"line":12,"column":0},"end":{"line":12,"column":98}},"9":{"start":{"line":14,"column":0},"end":{"line":14,"column":29}}},"fnMap":{},"branchMap":{},"s":{"0":1,"1":1,"2":1,"3":1,"4":1,"5":1,"6":1,"7":1,"8":1,"9":1},"f":{},"b":{}}
,"/home/driven/Documentos/Ju/Driven/projetos_EMaula_BACK/ultima-locadora/src/schemas/rental-schema.ts": {"path":"/home/driven/Documentos/Ju/Driven/projetos_EMaula_BACK/ultima-locadora/src/schemas/rental-schema.ts","statementMap":{"0":{"start":{"line":1,"column":0},"end":{"line":1,"column":22}},"1":{"start":{"line":2,"column":0},"end":{"line":2,"column":65}},"2":{"start":{"line":5,"column":21},"end":{"line":5,"column":39}},"3":{"start":{"line":7,"column":13},"end":{"line":11,"column":3}},"4":{"start":{"line":13,"column":13},"end":{"line":15,"column":null}}},"fnMap":{},"branchMap":{},"s":{"0":1,"1":1,"2":1,"3":1,"4":1},"f":{},"b":{}}
,"/home/driven/Documentos/Ju/Driven/projetos_EMaula_BACK/ultima-locadora/src/services/rentals-service.ts": {"path":"/home/driven/Documentos/Ju/Driven/projetos_EMaula_BACK/ultima-locadora/src/services/rentals-service.ts","statementMap":{"0":{"start":{"line":3,"column":0},"end":{"line":3,"column":57}},"1":{"start":{"line":5,"column":0},"end":{"line":5,"column":69}},"2":{"start":{"line":6,"column":0},"end":{"line":6,"column":71}},"3":{"start":{"line":7,"column":0},"end":{"line":7,"column":63}},"4":{"start":{"line":8,"column":0},"end":{"line":8,"column":67}},"5":{"start":{"line":9,"column":0},"end":{"line":9,"column":65}},"6":{"start":{"line":10,"column":0},"end":{"line":10,"column":68}},"7":{"start":{"line":12,"column":13},"end":{"line":17,"column":null}},"8":{"start":{"line":20,"column":18},"end":{"line":20,"column":54}},"9":{"start":{"line":21,"column":2},"end":{"line":21,"column":17}},"10":{"start":{"line":25,"column":17},"end":{"line":25,"column":64}},"11":{"start":{"line":26,"column":2},"end":{"line":26,"column":56}},"12":{"start":{"line":26,"column":15},"end":{"line":26,"column":56}},"13":{"start":{"line":28,"column":2},"end":{"line":28,"column":16}},"14":{"start":{"line":33,"column":31},"end":{"line":33,"column":42}},"15":{"start":{"line":35,"column":15},"end":{"line":35,"column":45}},"16":{"start":{"line":36,"column":2},"end":{"line":36,"column":38}},"17":{"start":{"line":37,"column":2},"end":{"line":37,"column":50}},"18":{"start":{"line":39,"column":17},"end":{"line":39,"column":66}},"19":{"start":{"line":40,"column":2},"end":{"line":40,"column":16}},"20":{"start":{"line":45,"column":17},"end":{"line":45,"column":64}},"21":{"start":{"line":46,"column":2},"end":{"line":46,"column":56}},"22":{"start":{"line":46,"column":15},"end":{"line":46,"column":56}},"23":{"start":{"line":48,"column":2},"end":{"line":48,"column":49}},"24":{"start":{"line":55,"column":15},"end":{"line":55,"column":52}},"25":{"start":{"line":56,"column":2},"end":{"line":56,"column":52}},"26":{"start":{"line":56,"column":13},"end":{"line":56,"column":52}},"27":{"start":{"line":58,"column":2},"end":{"line":58,"column":14}},"28":{"start":{"line":54,"column":0},"end":{"line":54,"column":22}},"29":{"start":{"line":62,"column":18},"end":{"line":62,"column":75}},"30":{"start":{"line":63,"column":2},"end":{"line":63,"column":86}},"31":{"start":{"line":63,"column":26},"end":{"line":63,"column":86}},"32":{"start":{"line":61,"column":0},"end":{"line":61,"column":22}},"33":{"start":{"line":67,"column":2},"end":{"line":79,"column":null}},"34":{"start":{"line":67,"column":15},"end":{"line":67,"column":16}},"35":{"start":{"line":68,"column":20},"end":{"line":68,"column":31}},"36":{"start":{"line":69,"column":18},"end":{"line":69,"column":57}},"37":{"start":{"line":71,"column":4},"end":{"line":71,"column":56}},"38":{"start":{"line":71,"column":16},"end":{"line":71,"column":56}},"39":{"start":{"line":72,"column":4},"end":{"line":74,"column":null}},"40":{"start":{"line":73,"column":6},"end":{"line":73,"column":63}},"41":{"start":{"line":76,"column":4},"end":{"line":78,"column":null}},"42":{"start":{"line":77,"column":6},"end":{"line":77,"column":59}},"43":{"start":{"line":66,"column":0},"end":{"line":66,"column":22}},"44":{"start":{"line":83,"column":14},"end":{"line":83,"column":79}},"45":{"start":{"line":84,"column":2},"end":{"line":84,"column":54}},"46":{"start":{"line":87,"column":0},"end":{"line":92,"column":2}}},"fnMap":{"0":{"name":"getRentals","decl":{"start":{"line":19,"column":15},"end":{"line":19,"column":25}},"loc":{"start":{"line":19,"column":25},"end":{"line":22,"column":null}}},"1":{"name":"getRentalById","decl":{"start":{"line":24,"column":15},"end":{"line":24,"column":28}},"loc":{"start":{"line":24,"column":45},"end":{"line":29,"column":null}}},"2":{"name":"createRental","decl":{"start":{"line":32,"column":15},"end":{"line":32,"column":27}},"loc":{"start":{"line":32,"column":52},"end":{"line":41,"column":null}}},"3":{"name":"finishRental","decl":{"start":{"line":44,"column":15},"end":{"line":44,"column":27}},"loc":{"start":{"line":44,"column":44},"end":{"line":49,"column":null}}},"4":{"name":"getUserForRental","decl":{"start":{"line":54,"column":22},"end":{"line":54,"column":38}},"loc":{"start":{"line":54,"column":53},"end":{"line":59,"column":null}}},"5":{"name":"checkUserAbleToRental","decl":{"start":{"line":61,"column":22},"end":{"line":61,"column":43}},"loc":{"start":{"line":61,"column":58},"end":{"line":64,"column":null}}},"6":{"name":"checkMoviesValidForRental","decl":{"start":{"line":66,"column":22},"end":{"line":66,"column":47}},"loc":{"start":{"line":66,"column":78},"end":{"line":80,"column":null}}},"7":{"name":"userIsUnderAge","decl":{"start":{"line":82,"column":9},"end":{"line":82,"column":23}},"loc":{"start":{"line":82,"column":34},"end":{"line":85,"column":1}}}},"branchMap":{"0":{"loc":{"start":{"line":26,"column":2},"end":{"line":26,"column":56}},"type":"if","locations":[{"start":{"line":26,"column":2},"end":{"line":26,"column":56}}]},"1":{"loc":{"start":{"line":46,"column":2},"end":{"line":46,"column":56}},"type":"if","locations":[{"start":{"line":46,"column":2},"end":{"line":46,"column":56}}]},"2":{"loc":{"start":{"line":56,"column":2},"end":{"line":56,"column":52}},"type":"if","locations":[{"start":{"line":56,"column":2},"end":{"line":56,"column":52}}]},"3":{"loc":{"start":{"line":63,"column":2},"end":{"line":63,"column":86}},"type":"if","locations":[{"start":{"line":63,"column":2},"end":{"line":63,"column":86}}]},"4":{"loc":{"start":{"line":71,"column":4},"end":{"line":71,"column":56}},"type":"if","locations":[{"start":{"line":71,"column":4},"end":{"line":71,"column":56}}]},"5":{"loc":{"start":{"line":72,"column":4},"end":{"line":74,"column":null}},"type":"if","locations":[{"start":{"line":72,"column":4},"end":{"line":74,"column":null}}]},"6":{"loc":{"start":{"line":76,"column":4},"end":{"line":78,"column":null}},"type":"if","locations":[{"start":{"line":76,"column":4},"end":{"line":78,"column":null}}]},"7":{"loc":{"start":{"line":76,"column":8},"end":{"line":76,"column":48}},"type":"binary-expr","locations":[{"start":{"line":76,"column":8},"end":{"line":76,"column":24}},{"start":{"line":76,"column":28},"end":{"line":76,"column":48}}]}},"s":{"0":2,"1":2,"2":2,"3":2,"4":2,"5":2,"6":2,"7":2,"8":0,"9":0,"10":1,"11":1,"12":1,"13":0,"14":0,"15":0,"16":0,"17":0,"18":0,"19":0,"20":1,"21":1,"22":1,"23":0,"24":1,"25":1,"26":1,"27":0,"28":2,"29":1,"30":1,"31":1,"32":2,"33":3,"34":3,"35":3,"36":3,"37":3,"38":1,"39":2,"40":1,"41":1,"42":1,"43":2,"44":1,"45":1,"46":2},"f":{"0":0,"1":1,"2":0,"3":1,"4":1,"5":1,"6":3,"7":1},"b":{"0":[1],"1":[1],"2":[1],"3":[1],"4":[1],"5":[1],"6":[1],"7":[1,1]}}
,"/home/driven/Documentos/Ju/Driven/projetos_EMaula_BACK/ultima-locadora/src/utils/id-validator.ts": {"path":"/home/driven/Documentos/Ju/Driven/projetos_EMaula_BACK/ultima-locadora/src/utils/id-validator.ts","statementMap":{"0":{"start":{"line":2,"column":2},"end":{"line":2,"column":30}},"1":{"start":{"line":1,"column":0},"end":{"line":1,"column":16}}},"fnMap":{"0":{"name":"isValid","decl":{"start":{"line":1,"column":16},"end":{"line":1,"column":23}},"loc":{"start":{"line":1,"column":34},"end":{"line":3,"column":1}}}},"branchMap":{"0":{"loc":{"start":{"line":2,"column":9},"end":{"line":2,"column":29}},"type":"binary-expr","locations":[{"start":{"line":2,"column":9},"end":{"line":2,"column":19}},{"start":{"line":2,"column":23},"end":{"line":2,"column":29}}]}},"s":{"0":0,"1":1},"f":{"0":0},"b":{"0":[0,0]}}
}
