TN:
SF:src/app.ts
FN:13,(anonymous_7)
FNF:1
FNH:1
FNDA:1,(anonymous_7)
DA:1,1
DA:2,1
DA:3,1
DA:5,1
DA:6,1
DA:8,1
DA:10,1
DA:11,1
DA:13,1
DA:14,1
DA:15,1
DA:17,1
LF:12
LH:12
BRF:0
BRH:0
end_of_record
TN:
SF:src/controllers/rentals-controller.ts
FN:8,getRentals
FN:13,getRentalById
FN:26,createRental
FN:46,finishRental
FNF:4
FNH:0
FNDA:0,getRentals
FNDA:0,getRentalById
FNDA:0,createRental
FNDA:0,finishRental
DA:2,1
DA:4,1
DA:5,1
DA:8,1
DA:9,0
DA:10,0
DA:13,1
DA:14,0
DA:15,0
DA:17,0
DA:18,0
DA:19,0
DA:21,0
DA:22,0
DA:26,1
DA:27,0
DA:28,0
DA:29,0
DA:30,0
DA:32,0
DA:33,0
DA:35,0
DA:36,0
DA:38,0
DA:39,0
DA:42,0
DA:46,1
DA:47,0
DA:48,0
DA:49,0
DA:50,0
DA:52,0
LF:32
LH:7
BRDA:15,0,0,0
BRDA:32,1,0,0
BRDA:35,2,0,0
BRDA:38,3,0,0
BRF:4
BRH:0
end_of_record
TN:
SF:src/database/index.ts
FNF:0
FNH:0
DA:1,2
DA:2,2
DA:4,2
LF:3
LH:3
BRF:0
BRH:0
end_of_record
TN:
SF:src/errors/insufficientage-error.ts
FN:3,insufficientAgeError
FNF:1
FNH:1
FNDA:1,insufficientAgeError
DA:3,2
DA:4,1
DA:5,1
LF:3
LH:3
BRDA:4,0,0,1
BRDA:4,0,1,0
BRF:2
BRH:1
end_of_record
TN:
SF:src/errors/movie-inretal-error.ts
FN:3,movieAlreadyInRental
FNF:1
FNH:1
FNDA:1,movieAlreadyInRental
DA:3,2
DA:4,1
DA:5,1
LF:3
LH:3
BRDA:4,0,0,1
BRDA:4,0,1,0
BRF:2
BRH:1
end_of_record
TN:
SF:src/errors/notfound-error.ts
FN:3,notFoundError
FNF:1
FNH:1
FNDA:4,notFoundError
DA:3,2
DA:4,4
DA:5,4
LF:3
LH:3
BRDA:4,0,0,4
BRDA:4,0,1,0
BRF:2
BRH:1
end_of_record
TN:
SF:src/errors/pendent-rental-error.ts
FN:3,pendentRentalError
FNF:1
FNH:1
FNDA:1,pendentRentalError
DA:3,2
DA:4,1
DA:5,1
LF:3
LH:3
BRDA:4,0,0,1
BRDA:4,0,1,0
BRF:2
BRH:1
end_of_record
TN:
SF:src/middlewares/error-handler.ts
FN:9,handleApplicationErrors
FNF:1
FNH:0
FNDA:0,handleApplicationErrors
DA:2,1
DA:9,1
DA:10,0
DA:12,0
DA:13,0
DA:18,0
DA:19,0
DA:24,0
DA:25,0
DA:31,0
DA:32,0
LF:11
LH:2
BRDA:12,0,0,0
BRDA:18,1,0,0
BRDA:24,2,0,0
BRF:3
BRH:0
end_of_record
TN:
SF:src/middlewares/schema-validator.ts
FN:5,validateSchemaMiddleware
FN:6,(anonymous_2)
FNF:2
FNH:1
FNDA:2,validateSchemaMiddleware
FNDA:0,(anonymous_2)
DA:2,1
DA:5,1
DA:6,2
DA:7,0
DA:8,0
DA:9,0
DA:12,0
LF:7
LH:3
BRDA:8,0,0,0
BRF:1
BRH:0
end_of_record
TN:
SF:src/repositories/movies-repository.ts
FN:3,getById
FNF:1
FNH:0
FNDA:0,getById
DA:1,2
DA:4,0
DA:9,2
LF:3
LH:2
BRF:0
BRH:0
end_of_record
TN:
SF:src/repositories/rentals-repository.ts
FN:5,getRentals
FN:9,getRentalById
FN:18,getRentalsByUserId
FN:29,createRental
FN:43,finishRental
FN:53,connectMoviesToRental
FN:63,disconnectMoviesFromRental
FNF:7
FNH:0
FNDA:0,getRentals
FNDA:0,getRentalById
FNDA:0,getRentalsByUserId
FNDA:0,createRental
FNDA:0,finishRental
FNDA:0,connectMoviesToRental
FNDA:0,disconnectMoviesFromRental
DA:1,2
DA:3,2
DA:6,0
DA:10,0
DA:19,0
DA:30,0
DA:37,0
DA:38,0
DA:44,0
DA:45,0
DA:54,0
DA:55,0
DA:56,0
DA:64,0
DA:65,0
DA:66,0
DA:67,0
DA:68,0
DA:75,2
LF:19
LH:3
BRDA:9,0,0,0
BRDA:18,1,0,0
BRF:2
BRH:0
end_of_record
TN:
SF:src/repositories/users-repository.ts
FN:3,getById
FNF:1
FNH:0
FNDA:0,getById
DA:1,2
DA:4,0
DA:10,2
LF:3
LH:2
BRF:0
BRH:0
end_of_record
TN:
SF:src/routers/rentals-router.ts
FNF:0
FNH:0
DA:1,1
DA:3,1
DA:4,1
DA:5,1
DA:7,1
DA:9,1
DA:10,1
DA:11,1
DA:12,1
DA:14,1
LF:10
LH:10
BRF:0
BRH:0
end_of_record
TN:
SF:src/schemas/rental-schema.ts
FNF:0
FNH:0
DA:1,1
DA:2,1
DA:5,1
DA:7,1
DA:13,1
LF:5
LH:5
BRF:0
BRH:0
end_of_record
TN:
SF:src/services/rentals-service.ts
FN:19,getRentals
FN:24,getRentalById
FN:32,createRental
FN:44,finishRental
FN:54,getUserForRental
FN:61,checkUserAbleToRental
FN:66,checkMoviesValidForRental
FN:82,userIsUnderAge
FNF:8
FNH:6
FNDA:0,getRentals
FNDA:1,getRentalById
FNDA:0,createRental
FNDA:1,finishRental
FNDA:1,getUserForRental
FNDA:1,checkUserAbleToRental
FNDA:3,checkMoviesValidForRental
FNDA:1,userIsUnderAge
DA:3,2
DA:5,2
DA:6,2
DA:7,2
DA:8,2
DA:9,2
DA:10,2
DA:12,2
DA:20,0
DA:21,0
DA:25,1
DA:26,1
DA:28,0
DA:33,0
DA:35,0
DA:36,0
DA:37,0
DA:39,0
DA:40,0
DA:45,1
DA:46,1
DA:48,0
DA:54,2
DA:55,1
DA:56,1
DA:58,0
DA:61,2
DA:62,1
DA:63,1
DA:66,2
DA:67,3
DA:68,3
DA:69,3
DA:71,3
DA:72,2
DA:73,1
DA:76,1
DA:77,1
DA:83,1
DA:84,1
DA:87,2
LF:41
LH:30
BRDA:26,0,0,1
BRDA:46,1,0,1
BRDA:56,2,0,1
BRDA:63,3,0,1
BRDA:71,4,0,1
BRDA:72,5,0,1
BRDA:76,6,0,1
BRDA:76,7,0,1
BRDA:76,7,1,1
BRF:9
BRH:9
end_of_record
TN:
SF:src/utils/id-validator.ts
FN:1,isValid
FNF:1
FNH:0
FNDA:0,isValid
DA:1,1
DA:2,0
LF:2
LH:1
BRDA:2,0,0,0
BRDA:2,0,1,0
BRF:2
BRH:0
end_of_record
